<?xml version='1.0' encoding='UTF-8'?>
<!DOCTYPE coverage SYSTEM 'http://cobertura.sourceforge.net/xml/coverage-04.dtd'>
<coverage line-rate="0.88671875" branch-rate="0.542129327237" lines-covered="8853" lines-valid="9984" branches-covered="5810" branches-valid="10717" complexity="0.0" timestamp="1648472591" version="gcovr 4.2"><sources><source>/home/prabhut/mm-al/bb/branch/toolsalinternal.1/ALCryptoLib/ALCryptoLib/</source></sources><packages><package name="digital_signature" line-rate="1.0" branch-rate="0.0" complexity="0.0"><classes><class name="digital_signature_base_h" filename="digital_signature/digital_signature_base.h" line-rate="1.0" branch-rate="0.0" complexity="0.0"><methods/><lines><line number="58" hits="2436" branch="false"/><line number="67" hits="2436" branch="false"/><line number="68" hits="2436" branch="false"/><line number="75" hits="2436" branch="false"/><line number="77" hits="2436" branch="false"/><line number="80" hits="2445" branch="false"/><line number="87" hits="2445" branch="false"/><line number="88" hits="2445" branch="false"/><line number="92" hits="2445" branch="false"/><line number="94" hits="2445" branch="false"/></lines></class></classes></package><package name="digital_signature.ecc" line-rate="0.977596741344" branch-rate="0.407265106532" complexity="0.0"><classes><class name="digital_signature_ecc_base_h" filename="digital_signature/ecc/digital_signature_ecc_base.h" line-rate="0.977596741344" branch-rate="0.407265106532" complexity="0.0"><methods/><lines><line number="43" hits="230508354" branch="false"/><line number="47" hits="230508354" branch="false"/><line number="51" hits="6329010498" branch="true" condition-coverage="66% (4/6)"><conditions><condition number="0" type="jump" coverage="66%"/></conditions></line><line number="53" hits="3049251072" branch="true" condition-coverage="66% (4/6)"><conditions><condition number="0" type="jump" coverage="66%"/></conditions></line><line number="55" hits="154019242648" branch="true" condition-coverage="66% (4/6)"><conditions><condition number="0" type="jump" coverage="66%"/></conditions></line><line number="57" hits="75490401648" branch="false"/><line number="58" hits="75490401648" branch="false"/><line number="60" hits="150980803296" branch="false"/><line number="61" hits="150980803296" branch="false"/><line number="64" hits="3038439352" branch="false"/><line number="66" hits="3038439352" branch="false"/><line number="69" hits="230508354" branch="false"/><line number="89" hits="934115717" branch="false"/><line number="91" hits="934115717" branch="false"/><line number="93" hits="934115717" branch="false"/><line number="95" hits="934115717" branch="false"/><line number="96" hits="934115717" branch="false"/><line number="97" hits="934115717" branch="false"/><line number="98" hits="934115717" branch="false"/><line number="100" hits="934115717" branch="false"/><line number="101" hits="934115717" branch="false"/><line number="102" hits="934115717" branch="false"/><line number="103" hits="934115717" branch="false"/><line number="105" hits="934115717" branch="true" condition-coverage="100% (2/2)"><conditions><condition number="0" type="jump" coverage="100%"/></conditions></line><line number="108" hits="88037299" branch="false"/><line number="113" hits="934115717" branch="false"/><line number="114" hits="934115717" branch="false"/><line number="115" hits="1868231434" branch="false"/><line number="120" hits="906542895" branch="false"/><line number="127" hits="906542895" branch="true" condition-coverage="100% (2/2)"><conditions><condition number="0" type="jump" coverage="100%"/></conditions></line><line number="132" hits="31611479" branch="false"/><line number="136" hits="31611479" branch="false"/><line number="137" hits="31611479" branch="false"/><line number="140" hits="295791210" branch="true" condition-coverage="100% (2/2)"><conditions><condition number="0" type="jump" coverage="100%"/></conditions></line><line number="142" hits="264179731" branch="true" condition-coverage="100% (2/2)"><conditions><condition number="0" type="jump" coverage="100%"/></conditions></line><line number="148" hits="2077265521" branch="true" condition-coverage="100% (2/2)"><conditions><condition number="0" type="jump" coverage="100%"/></conditions></line><line number="150" hits="906542895" branch="false"/><line number="152" hits="906542895" branch="false"/><line number="153" hits="906542895" branch="true" condition-coverage="100% (2/2)"><conditions><condition number="0" type="jump" coverage="100%"/></conditions></line><line number="156" hits="264179731" branch="false"/><line number="158" hits="264179731" branch="false"/><line number="159" hits="264179731" branch="false"/><line number="161" hits="264179731" branch="false"/><line number="164" hits="31611479" branch="false"/><line number="165" hits="31611479" branch="false"/><line number="225" hits="54054" branch="false"/><line number="227" hits="8" branch="false"/><line number="228" hits="8" branch="false"/><line number="229" hits="0" branch="false"/><line number="231" hits="8" branch="false"/><line number="239" hits="8" branch="true" condition-coverage="16% (1/6)"><conditions><condition number="0" type="jump" coverage="16%"/></conditions></line><line number="241" hits="8" branch="false"/><line number="244" hits="8" branch="true" condition-coverage="16% (1/6)"><conditions><condition number="0" type="jump" coverage="16%"/></conditions></line><line number="246" hits="8" branch="false"/><line number="249" hits="72" branch="false"/><line number="255" hits="8" branch="false"/><line number="257" hits="8" branch="false"/><line number="260" hits="13427" branch="false"/><line number="266" hits="13427" branch="false"/><line number="275" hits="26862" branch="false"/><line number="279" hits="13409" branch="false"/><line number="281" hits="13439" branch="false"/><line number="283" hits="13439" branch="true" condition-coverage="66% (4/6)"><conditions><condition number="0" type="jump" coverage="66%"/></conditions></line><line number="285" hits="9" branch="false"/><line number="288" hits="13439" branch="false"/><line number="290" hits="13439" branch="false"/><line number="293" hits="2434" branch="false"/><line number="295" hits="31698" branch="false"/><line number="296" hits="2434" branch="false"/><line number="298" hits="2434" branch="false"/><line number="301" hits="82675" branch="true" condition-coverage="53% (8/15)"><conditions><condition number="0" type="jump" coverage="53%"/></conditions></line><line number="302" hits="2434" branch="false"/><line number="304" hits="15859" branch="false"/><line number="318" hits="31718" branch="false"/><line number="320" hits="45671" branch="false"/><line number="324" hits="13953" branch="false"/><line number="325" hits="27906" branch="false"/><line number="327" hits="69765" branch="false"/><line number="335" hits="1920" branch="false"/><line number="340" hits="15873" branch="false"/><line number="346" hits="15797" branch="false"/><line number="348" hits="15797" branch="false"/><line number="351" hits="2443" branch="false"/><line number="353" hits="31776" branch="false"/><line number="354" hits="2443" branch="false"/><line number="356" hits="2443" branch="false"/><line number="359" hits="82752" branch="false"/><line number="360" hits="2443" branch="false"/><line number="362" hits="15856" branch="false"/><line number="374" hits="31712" branch="false"/><line number="376" hits="45677" branch="false"/><line number="380" hits="13965" branch="false"/><line number="383" hits="27930" branch="false"/><line number="386" hits="69825" branch="false"/><line number="394" hits="1920" branch="false"/><line number="399" hits="15885" branch="false"/><line number="403" hits="15859" branch="false"/><line number="405" hits="15859" branch="false"/><line number="418" hits="27053" branch="false"/><line number="427" hits="54106" branch="true" condition-coverage="100% (6/6)"><conditions><condition number="0" type="jump" coverage="100%"/></conditions></line><line number="429" hits="81159" branch="false"/><line number="430" hits="81159" branch="false"/><line number="431" hits="81159" branch="false"/><line number="432" hits="81159" branch="false"/><line number="433" hits="27053" branch="false"/><line number="480" hits="72" branch="false"/><line number="489" hits="72" branch="false"/><line number="493" hits="72" branch="true" condition-coverage="33% (2/6)"><conditions><condition number="0" type="jump" coverage="33%"/></conditions></line><line number="498" hits="142" branch="false"/><line number="501" hits="71" branch="false"/><line number="502" hits="73" branch="false"/><line number="504" hits="71" branch="false"/><line number="510" hits="1" branch="false"/><line number="513" hits="72" branch="false"/><line number="515" hits="72" branch="true" condition-coverage="16% (1/6)"><conditions><condition number="0" type="jump" coverage="16%"/></conditions></line><line number="520" hits="144" branch="true" condition-coverage="16% (1/6)"><conditions><condition number="0" type="jump" coverage="16%"/></conditions></line><line number="525" hits="144" branch="false"/><line number="528" hits="72" branch="true" condition-coverage="16% (1/6)"><conditions><condition number="0" type="jump" coverage="16%"/></conditions></line><line number="532" hits="72" branch="true" condition-coverage="16% (1/6)"><conditions><condition number="0" type="jump" coverage="16%"/></conditions></line><line number="534" hits="72" branch="false"/><line number="535" hits="72" branch="false"/><line number="537" hits="72" branch="false"/><line number="539" hits="72" branch="true" condition-coverage="16% (1/6)"><conditions><condition number="0" type="jump" coverage="16%"/></conditions></line><line number="541" hits="0" branch="false"/><line number="551" hits="72" branch="false"/><line number="554" hits="15865" branch="false"/><line number="566" hits="15865" branch="false"/><line number="570" hits="15868" branch="true" condition-coverage="35% (5/14)"><conditions><condition number="0" type="jump" coverage="35%"/></conditions></line><line number="575" hits="4096" branch="false"/><line number="578" hits="2048" branch="false"/><line number="579" hits="2048" branch="false"/><line number="581" hits="2048" branch="false"/><line number="587" hits="13820" branch="false"/><line number="590" hits="15856" branch="false"/><line number="592" hits="15856" branch="true" condition-coverage="35% (5/14)"><conditions><condition number="0" type="jump" coverage="35%"/></conditions></line><line number="598" hits="31728" branch="true" condition-coverage="33% (4/12)"><conditions><condition number="0" type="jump" coverage="33%"/></conditions></line><line number="604" hits="31728" branch="false"/><line number="607" hits="31596" branch="true" condition-coverage="30% (4/13)"><conditions><condition number="0" type="jump" coverage="30%"/></conditions></line><line number="613" hits="31632" branch="true" condition-coverage="35% (10/28)"><conditions><condition number="0" type="jump" coverage="35%"/></conditions></line><line number="617" hits="15787" branch="true" condition-coverage="28% (4/14)"><conditions><condition number="0" type="jump" coverage="28%"/></conditions></line><line number="619" hits="15847" branch="false"/><line number="621" hits="15861" branch="false"/><line number="623" hits="31690" branch="false"/><line number="625" hits="15840" branch="false"/><line number="627" hits="31728" branch="false"/><line number="628" hits="31742" branch="false"/><line number="629" hits="31712" branch="false"/><line number="631" hits="15858" branch="false"/><line number="640" hits="15813" branch="false"/><line number="643" hits="15851" branch="false"/><line number="649" hits="15851" branch="false"/><line number="654" hits="15858" branch="false"/><line number="655" hits="15874" branch="false"/><line number="658" hits="31730" branch="false"/><line number="659" hits="31730" branch="true" condition-coverage="28% (8/28)"><conditions><condition number="0" type="jump" coverage="28%"/></conditions></line><line number="664" hits="47605" branch="false"/><line number="665" hits="29822" branch="true" condition-coverage="41% (10/24)"><conditions><condition number="0" type="jump" coverage="41%"/></conditions></line><line number="685" hits="31750" branch="false"/><line number="687" hits="15871" branch="false"/><line number="690" hits="31768" branch="false"/><line number="693" hits="31740" branch="false"/><line number="698" hits="15885" branch="false"/><line number="699" hits="15885" branch="false"/><line number="700" hits="47655" branch="false"/><line number="701" hits="47655" branch="false"/><line number="704" hits="31770" branch="false"/><line number="706" hits="15884" branch="false"/><line number="709" hits="31764" branch="false"/><line number="711" hits="15872" branch="false"/><line number="714" hits="32278" branch="false"/><line number="722" hits="32278" branch="false"/><line number="724" hits="16139" branch="false"/><line number="725" hits="32278" branch="false"/><line number="726" hits="32278" branch="false"/><line number="728" hits="16139" branch="false"/><line number="730" hits="32278" branch="false"/><line number="731" hits="18089" branch="false"/><line number="733" hits="16139" branch="false"/><line number="735" hits="16139" branch="false"/><line number="737" hits="6093191" branch="true" condition-coverage="57% (8/14)"><conditions><condition number="0" type="jump" coverage="57%"/></conditions></line><line number="739" hits="12154620" branch="false"/><line number="741" hits="6077247" branch="false"/><line number="745" hits="12154494" branch="false"/><line number="746" hits="12154494" branch="false"/><line number="750" hits="6077247" branch="false"/><line number="752" hits="6077247" branch="true" condition-coverage="57% (8/14)"><conditions><condition number="0" type="jump" coverage="57%"/></conditions></line><line number="754" hits="9075574" branch="false"/><line number="755" hits="9075574" branch="false"/><line number="757" hits="4537787" branch="false"/><line number="760" hits="9076088" branch="false"/><line number="762" hits="4537564" branch="false"/><line number="764" hits="9074726" branch="false"/><line number="769" hits="31762" branch="false"/><line number="771" hits="15880" branch="false"/><line number="774" hits="31764" branch="true" condition-coverage="30% (4/13)"><conditions><condition number="0" type="jump" coverage="30%"/></conditions></line><line number="780" hits="13962" branch="false"/><line number="782" hits="15882" branch="true" condition-coverage="33% (4/12)"><conditions><condition number="0" type="jump" coverage="33%"/></conditions></line><line number="789" hits="15872" branch="false"/><line number="794" hits="4658088" branch="false"/><line number="800" hits="13973594" branch="false"/><line number="801" hits="13972567" branch="false"/><line number="802" hits="13972967" branch="false"/><line number="803" hits="13972944" branch="false"/><line number="804" hits="4657934" branch="false"/><line number="806" hits="29363" branch="false"/><line number="816" hits="29363" branch="false"/><line number="817" hits="3842" branch="false"/><line number="819" hits="29363" branch="false"/><line number="820" hits="29363" branch="false"/><line number="822" hits="29363" branch="true" condition-coverage="21% (3/14)"><conditions><condition number="0" type="jump" coverage="21%"/></conditions></line><line number="827" hits="29363" branch="false"/><line number="829" hits="58784" branch="false"/><line number="831" hits="29368" branch="false"/><line number="832" hits="29394" branch="false"/><line number="834" hits="15688523" branch="false"/><line number="843" hits="31377046" branch="false"/><line number="844" hits="47069046" branch="false"/><line number="845" hits="47070290" branch="false"/><line number="846" hits="47072683" branch="false"/><line number="847" hits="31382350" branch="false"/><line number="848" hits="47074434" branch="false"/><line number="850" hits="31379760" branch="false"/><line number="851" hits="31384244" branch="false"/><line number="852" hits="31387752" branch="false"/><line number="853" hits="47079077" branch="false"/><line number="854" hits="31383350" branch="false"/><line number="855" hits="47075423" branch="false"/><line number="856" hits="31378806" branch="false"/><line number="858" hits="15691391" branch="false"/><line number="859" hits="15691391" branch="false"/><line number="861" hits="11141299" branch="false"/><line number="872" hits="22282598" branch="false"/><line number="873" hits="33420365" branch="false"/><line number="874" hits="33425132" branch="false"/><line number="875" hits="33426311" branch="false"/><line number="876" hits="22283110" branch="false"/><line number="877" hits="22285248" branch="false"/><line number="879" hits="22281274" branch="false"/><line number="880" hits="33424627" branch="false"/><line number="881" hits="22285194" branch="false"/><line number="882" hits="33429283" branch="false"/><line number="883" hits="22282218" branch="false"/><line number="885" hits="22281536" branch="false"/><line number="886" hits="33422100" branch="false"/><line number="887" hits="22284308" branch="false"/><line number="889" hits="33425137" branch="false"/><line number="890" hits="22281282" branch="false"/><line number="891" hits="22281494" branch="false"/><line number="892" hits="33422643" branch="false"/><line number="893" hits="22280502" branch="false"/><line number="895" hits="11141481" branch="false"/><line number="896" hits="11141481" branch="false"/><line number="898" hits="29309" branch="false"/><line number="910" hits="58618" branch="false"/><line number="911" hits="58618" branch="false"/><line number="913" hits="29309" branch="false"/><line number="917" hits="11142863" branch="false"/><line number="918" hits="11142863" branch="true" condition-coverage="42% (6/14)"><conditions><condition number="0" type="jump" coverage="42%"/></conditions></line><line number="921" hits="22227090" branch="true" condition-coverage="42% (6/14)"><conditions><condition number="0" type="jump" coverage="42%"/></conditions></line><line number="923" hits="11113545" branch="false"/><line number="924" hits="11109807" branch="false"/><line number="927" hits="29318" branch="true" condition-coverage="42% (6/14)"><conditions><condition number="0" type="jump" coverage="42%"/></conditions></line><line number="929" hits="29318" branch="false"/><line number="933" hits="58762" branch="false"/><line number="934" hits="88122" branch="false"/><line number="935" hits="88112" branch="false"/><line number="936" hits="58776" branch="false"/><line number="937" hits="88065" branch="false"/><line number="938" hits="88102" branch="false"/><line number="942" hits="29388" branch="false"/><line number="944" hits="29334" branch="false"/><line number="946" hits="58776" branch="false"/><line number="947" hits="58776" branch="false"/><line number="948" hits="29388" branch="false"/><line number="950" hits="15851" branch="false"/><line number="953" hits="15851" branch="false"/><line number="955" hits="15851" branch="false"/><line number="957" hits="47618" branch="false"/><line number="958" hits="31764" branch="false"/><line number="959" hits="47646" branch="false"/><line number="960" hits="47664" branch="false"/><line number="962" hits="31774" branch="false"/><line number="964" hits="15868" branch="true" condition-coverage="57% (8/14)"><conditions><condition number="0" type="jump" coverage="57%"/></conditions></line><line number="968" hits="15868" branch="false"/><line number="974" hits="121022117" branch="false"/><line number="982" hits="26912" branch="true" condition-coverage="20% (5/24)"><conditions><condition number="0" type="jump" coverage="20%"/></conditions></line><line number="988" hits="6106338" branch="false"/><line number="999" hits="6106338" branch="true" condition-coverage="21% (3/14)"><conditions><condition number="0" type="jump" coverage="21%"/></conditions></line><line number="1001" hits="6106871" branch="false"/><line number="1002" hits="6106942" branch="false"/><line number="1003" hits="6107030" branch="false"/><line number="1004" hits="6107126" branch="false"/><line number="1005" hits="6107222" branch="false"/><line number="1007" hits="6107222" branch="false"/><line number="1008" hits="6107224" branch="false"/><line number="1009" hits="6107205" branch="false"/><line number="1010" hits="6107408" branch="false"/><line number="1012" hits="6107408" branch="false"/><line number="1013" hits="6107684" branch="false"/><line number="1015" hits="6108946" branch="true" condition-coverage="42% (6/14)"><conditions><condition number="0" type="jump" coverage="42%"/></conditions></line><line number="1017" hits="3079497" branch="false"/><line number="1019" hits="3079497" branch="false"/><line number="1021" hits="3079497" branch="false"/><line number="1029" hits="6106877" branch="false"/><line number="1030" hits="6106877" branch="false"/><line number="1031" hits="6106869" branch="false"/><line number="1032" hits="6106792" branch="false"/><line number="1033" hits="6107004" branch="false"/><line number="1034" hits="6107004" branch="false"/><line number="1036" hits="6106711" branch="false"/><line number="1037" hits="6106711" branch="false"/><line number="1040" hits="6106300" branch="false"/><line number="1044" hits="518243851" branch="false"/><line number="1046" hits="18933768891" branch="true" condition-coverage="42% (66/154)"><conditions><condition number="0" type="jump" coverage="42%"/></conditions></line><line number="1051" hits="785879619" branch="false"/><line number="1053" hits="5058220031" branch="true" condition-coverage="29% (64/216)"><conditions><condition number="0" type="jump" coverage="29%"/></conditions></line><line number="1061" hits="203948" branch="false"/><line number="1063" hits="214046" branch="true" condition-coverage="39% (11/28)"><conditions><condition number="0" type="jump" coverage="39%"/></conditions></line><line number="1065" hits="203948" branch="false"/><line number="1068" hits="203948" branch="false"/><line number="1072" hits="203948" branch="false"/><line number="1076" hits="203948" branch="true" condition-coverage="35% (5/14)"><conditions><condition number="0" type="jump" coverage="35%"/></conditions></line><line number="1078" hits="203998" branch="false"/><line number="1080" hits="228966" branch="false"/><line number="1082" hits="203998" branch="false"/><line number="1085" hits="203998" branch="false"/><line number="1093" hits="203948" branch="false"/><line number="1099" hits="35504241" branch="false"/><line number="1102" hits="35504241" branch="false"/><line number="1105" hits="12186772" branch="false"/><line number="1111" hits="1667982138" branch="false"/><line number="1114" hits="331986171" branch="false"/><line number="1116" hits="371852163" branch="false"/><line number="1118" hits="981010523" branch="true" condition-coverage="65% (52/80)"><conditions><condition number="0" type="jump" coverage="65%"/></conditions></line><line number="1120" hits="386951166" branch="true" condition-coverage="60% (47/78)"><conditions><condition number="0" type="jump" coverage="60%"/></conditions></line><line number="1123" hits="62262244" branch="false"/><line number="1130" hits="62262244" branch="false"/><line number="1131" hits="62262244" branch="false"/><line number="1133" hits="62262244" branch="false"/><line number="1135" hits="62262244" branch="true" condition-coverage="21% (3/14)"><conditions><condition number="0" type="jump" coverage="21%"/></conditions></line><line number="1137" hits="806307748" branch="true" condition-coverage="42% (6/14)"><conditions><condition number="0" type="jump" coverage="42%"/></conditions></line><line number="1139" hits="372021282" branch="false"/><line number="1141" hits="372021282" branch="false"/><line number="1143" hits="372021282" branch="false"/><line number="1147" hits="62262244" branch="true" condition-coverage="21% (3/14)"><conditions><condition number="0" type="jump" coverage="21%"/></conditions></line><line number="1149" hits="0" branch="false"/><line number="1151" hits="0" branch="true" condition-coverage="0% (0/14)"><conditions><condition number="0" type="jump" coverage="0%"/></conditions></line><line number="1153" hits="0" branch="false"/><line number="1156" hits="0" branch="false"/><line number="1159" hits="62262244" branch="false"/><line number="1166" hits="80207794" branch="false"/><line number="1167" hits="80207794" branch="false"/><line number="1169" hits="80207794" branch="false"/><line number="1171" hits="2793760030" branch="true" condition-coverage="42% (72/168)"><conditions><condition number="0" type="jump" coverage="42%"/></conditions></line><line number="1173" hits="2639453388" branch="false"/><line number="1175" hits="2639453388" branch="false"/><line number="1177" hits="2639453388" branch="false"/><line number="1189" hits="46713774" branch="false"/><line number="1191" hits="67633518081" branch="true" condition-coverage="50% (92/182)"><conditions><condition number="0" type="jump" coverage="50%"/></conditions></line><line number="1193" hits="33332675061" branch="false"/><line number="1195" hits="33332675061" branch="true" condition-coverage="44% (80/182)"><conditions><condition number="0" type="jump" coverage="44%"/></conditions></line><line number="1197" hits="33332675061" branch="false"/><line number="1199" hits="33332675061" branch="true" condition-coverage="50% (92/182)"><conditions><condition number="0" type="jump" coverage="50%"/></conditions></line><line number="1201" hits="33332675061" branch="false"/><line number="1215" hits="243998034" branch="false"/><line number="1217" hits="25187303571" branch="true" condition-coverage="35% (76/212)"><conditions><condition number="0" type="jump" coverage="35%"/></conditions></line><line number="1219" hits="14315752884" branch="false"/><line number="1221" hits="14315752884" branch="true" condition-coverage="25% (55/212)"><conditions><condition number="0" type="jump" coverage="25%"/></conditions></line><line number="1223" hits="14315752884" branch="false"/><line number="1225" hits="14315752884" branch="true" condition-coverage="34% (73/212)"><conditions><condition number="0" type="jump" coverage="34%"/></conditions></line><line number="1227" hits="14315752884" branch="false"/><line number="1239" hits="266159264" branch="false"/><line number="1242" hits="46697146" branch="false"/><line number="1250" hits="46697146" branch="false"/><line number="1252" hits="46697146" branch="true" condition-coverage="46% (12/26)"><conditions><condition number="0" type="jump" coverage="46%"/></conditions></line><line number="1258" hits="46697146" branch="false"/><line number="1260" hits="243998034" branch="false"/><line number="1268" hits="243998034" branch="false"/><line number="1270" hits="243998034" branch="true" condition-coverage="42% (6/14)"><conditions><condition number="0" type="jump" coverage="42%"/></conditions></line><line number="1279" hits="243998034" branch="false"/><line number="1290" hits="166125478" branch="false"/><line number="1292" hits="166125478" branch="false"/><line number="1304" hits="99976873" branch="false"/><line number="1306" hits="99976873" branch="false"/><line number="1309" hits="92855" branch="false"/><line number="1317" hits="92855" branch="true" condition-coverage="21% (3/14)"><conditions><condition number="0" type="jump" coverage="21%"/></conditions></line><line number="1319" hits="0" branch="false"/><line number="1321" hits="0" branch="false"/><line number="1329" hits="92855" branch="false"/><line number="1330" hits="11524" branch="false"/><line number="1331" hits="92855" branch="false"/><line number="1332" hits="92855" branch="false"/><line number="1337" hits="47185191" branch="true" condition-coverage="50% (6/12)"><conditions><condition number="0" type="jump" coverage="50%"/></conditions></line><line number="1339" hits="50141271" branch="false"/><line number="1341" hits="94151773" branch="true" condition-coverage="42% (6/14)"><conditions><condition number="0" type="jump" coverage="42%"/></conditions></line><line number="1343" hits="12538118" branch="false"/><line number="1345" hits="23547507" branch="true" condition-coverage="42% (6/14)"><conditions><condition number="0" type="jump" coverage="42%"/></conditions></line><line number="1350" hits="12538118" branch="false"/><line number="1352" hits="12538118" branch="true" condition-coverage="42% (6/14)"><conditions><condition number="0" type="jump" coverage="42%"/></conditions></line><line number="1354" hits="6136306" branch="false"/><line number="1357" hits="70604266" branch="true" condition-coverage="42% (6/14)"><conditions><condition number="0" type="jump" coverage="42%"/></conditions></line><line number="1359" hits="12502776" branch="false"/><line number="1361" hits="23473584" branch="true" condition-coverage="42% (6/14)"><conditions><condition number="0" type="jump" coverage="42%"/></conditions></line><line number="1366" hits="12502776" branch="false"/><line number="1368" hits="12502776" branch="true" condition-coverage="42% (6/14)"><conditions><condition number="0" type="jump" coverage="42%"/></conditions></line><line number="1370" hits="6504325" branch="false"/><line number="1373" hits="25100377" branch="true" condition-coverage="42% (6/14)"><conditions><condition number="0" type="jump" coverage="42%"/></conditions></line><line number="1377" hits="10975632" branch="false"/><line number="1379" hits="10975632" branch="true" condition-coverage="50% (6/12)"><conditions><condition number="0" type="jump" coverage="50%"/></conditions></line><line number="1384" hits="12515832" branch="false"/><line number="1386" hits="23491464" branch="true" condition-coverage="42% (6/14)"><conditions><condition number="0" type="jump" coverage="42%"/></conditions></line><line number="1391" hits="12515832" branch="false"/><line number="1393" hits="12515832" branch="true" condition-coverage="42% (6/14)"><conditions><condition number="0" type="jump" coverage="42%"/></conditions></line><line number="1395" hits="6092920" branch="false"/><line number="1402" hits="11054673" branch="false"/><line number="1404" hits="11054673" branch="true" condition-coverage="50% (6/12)"><conditions><condition number="0" type="jump" coverage="50%"/></conditions></line><line number="1409" hits="12584545" branch="false"/><line number="1411" hits="23639218" branch="true" condition-coverage="42% (6/14)"><conditions><condition number="0" type="jump" coverage="42%"/></conditions></line><line number="1416" hits="12584545" branch="false"/><line number="1418" hits="12584545" branch="true" condition-coverage="42% (6/14)"><conditions><condition number="0" type="jump" coverage="42%"/></conditions></line><line number="1420" hits="6483240" branch="false"/><line number="1425" hits="92855" branch="false"/><line number="1428" hits="16628" branch="false"/><line number="1432" hits="16628" branch="false"/><line number="1433" hits="16628" branch="false"/><line number="1439" hits="16628" branch="false"/><line number="1441" hits="16628" branch="false"/><line number="1443" hits="6081734" branch="true" condition-coverage="57% (8/14)"><conditions><condition number="0" type="jump" coverage="57%"/></conditions></line><line number="1445" hits="6065660" branch="false"/><line number="1447" hits="6065660" branch="true" condition-coverage="57% (8/14)"><conditions><condition number="0" type="jump" coverage="57%"/></conditions></line><line number="1453" hits="15888" branch="false"/><line number="1454" hits="15888" branch="false"/><line number="1456" hits="63422" branch="false"/><line number="1465" hits="63513" branch="false"/><line number="1467" hits="63513" branch="false"/><line number="1469" hits="63513" branch="true" condition-coverage="42% (6/14)"><conditions><condition number="0" type="jump" coverage="42%"/></conditions></line><line number="1474" hits="63513" branch="false"/><line number="1476" hits="63513" branch="true" condition-coverage="42% (6/14)"><conditions><condition number="0" type="jump" coverage="42%"/></conditions></line><line number="1484" hits="63410" branch="false"/><line number="1486" hits="63410" branch="false"/><line number="1487" hits="63410" branch="false"/><line number="1489" hits="63410" branch="true" condition-coverage="42% (6/14)"><conditions><condition number="0" type="jump" coverage="42%"/></conditions></line><line number="1491" hits="49381" branch="false"/><line number="1495" hits="14029" branch="false"/><line number="1500" hits="63461" branch="false"/><line number="1503" hits="63461" branch="false"/><line number="1505" hits="47986296" branch="true" condition-coverage="46% (12/26)"><conditions><condition number="0" type="jump" coverage="46%"/></conditions></line><line number="1507" hits="21030965" branch="false"/><line number="1510" hits="22490103" branch="true" condition-coverage="47% (18/38)"><conditions><condition number="0" type="jump" coverage="47%"/></conditions></line><line number="1512" hits="11999100" branch="true" condition-coverage="42% (6/14)"><conditions><condition number="0" type="jump" coverage="42%"/></conditions></line><line number="1522" hits="23957577" branch="false"/><line number="1524" hits="23957577" branch="false"/><line number="1527" hits="23957577" branch="false"/><line number="1530" hits="23957577" branch="false"/><line number="1531" hits="23957577" branch="false"/><line number="1533" hits="23957577" branch="false"/><line number="1535" hits="23957577" branch="false"/><line number="1539" hits="63564" branch="false"/><line number="1540" hits="63564" branch="false"/><line number="1548" hits="261346002" branch="false"/><line number="1557" hits="1559302134" branch="true" condition-coverage="42% (6/14)"><conditions><condition number="0" type="jump" coverage="42%"/></conditions></line><line number="1560" hits="518070219" branch="false"/><line number="1563" hits="518070219" branch="false"/><line number="1566" hits="518070219" branch="false"/><line number="1572" hits="227859069" branch="true" condition-coverage="25% (3/12)"><conditions><condition number="0" type="jump" coverage="25%"/></conditions></line><line number="1577" hits="261580848" branch="false"/><line number="1578" hits="261580848" branch="false"/><line number="1582" hits="63795863" branch="false"/><line number="1592" hits="63795863" branch="false"/><line number="1593" hits="63795863" branch="false"/><line number="1596" hits="127759882" branch="false"/><line number="1599" hits="127928038" branch="false"/><line number="1602" hits="63964019" branch="false"/><line number="1604" hits="63964019" branch="false"/><line number="1606" hits="63964019" branch="true" condition-coverage="25% (1/4)"><conditions><condition number="0" type="jump" coverage="25%"/></conditions></line><line number="1609" hits="0" branch="true" condition-coverage="0% (0/4)"><conditions><condition number="0" type="jump" coverage="0%"/></conditions></line><line number="1611" hits="0" branch="false"/><line number="1613" hits="0" branch="true" condition-coverage="0% (0/4)"><conditions><condition number="0" type="jump" coverage="0%"/></conditions></line><line number="1620" hits="63964019" branch="false"/><line number="1621" hits="63964019" branch="false"/><line number="1627" hits="456492128" branch="false"/><line number="1632" hits="456492128" branch="false"/><line number="1637" hits="456492128" branch="false"/><line number="1640" hits="912984256" branch="false"/><line number="1643" hits="912984256" branch="false"/><line number="1646" hits="912984256" branch="false"/><line number="1648" hits="456492128" branch="true" condition-coverage="60% (6/10)"><conditions><condition number="0" type="jump" coverage="60%"/></conditions></line><line number="1651" hits="65094333" branch="true" condition-coverage="60% (6/10)"><conditions><condition number="0" type="jump" coverage="60%"/></conditions></line><line number="1653" hits="64955981" branch="false"/><line number="1655" hits="64955981" branch="true" condition-coverage="40% (4/10)"><conditions><condition number="0" type="jump" coverage="40%"/></conditions></line><line number="1661" hits="456492128" branch="false"/></lines></class></classes></package><package name="digital_signature.ecc.secp" line-rate="1.0" branch-rate="0.857142857143" complexity="0.0"><classes><class name="digital_signature_ecc_secp384r1_h" filename="digital_signature/ecc/secp/digital_signature_ecc_secp384r1.h" line-rate="1.0" branch-rate="0.0" complexity="0.0"><methods/><lines><line number="15" hits="7718" branch="false"/><line number="23" hits="3870" branch="false"/><line number="49" hits="2" branch="false"/><line number="57" hits="1" branch="false"/><line number="83" hits="7730" branch="false"/><line number="91" hits="3876" branch="false"/><line number="117" hits="7740" branch="false"/><line number="125" hits="3872" branch="false"/><line number="151" hits="7714" branch="false"/><line number="159" hits="3872" branch="false"/><line number="185" hits="7740" branch="false"/><line number="193" hits="3866" branch="false"/><line number="219" hits="7678" branch="false"/><line number="227" hits="3860" branch="false"/><line number="253" hits="7732" branch="false"/><line number="261" hits="3867" branch="false"/></lines></class><class name="digital_signature_ecc_secp384r1_holder_h" filename="digital_signature/ecc/secp/digital_signature_ecc_secp384r1_holder.h" line-rate="1.0" branch-rate="0.857142857143" complexity="0.0"><methods/><lines><line number="43" hits="7740" branch="false"/><line number="46" hits="3871" branch="false"/><line number="93" hits="3871" branch="false"/><line number="99" hits="15364" branch="false"/><line number="102" hits="752644" branch="false"/><line number="103" hits="752644" branch="true" condition-coverage="100% (2/2)"><conditions><condition number="0" type="jump" coverage="100%"/></conditions></line><line number="106" hits="737280" branch="false"/><line number="107" hits="737280" branch="false"/><line number="112" hits="737280" branch="false"/><line number="115" hits="737280" branch="false"/><line number="118" hits="737280" branch="false"/><line number="120" hits="15364" branch="false"/><line number="122" hits="5765" branch="false"/><line number="125" hits="282389" branch="false"/><line number="126" hits="282389" branch="true" condition-coverage="100% (2/2)"><conditions><condition number="0" type="jump" coverage="100%"/></conditions></line><line number="129" hits="276624" branch="false"/><line number="132" hits="276624" branch="false"/><line number="135" hits="276624" branch="false"/><line number="137" hits="5765" branch="false"/><line number="157" hits="7714" branch="false"/><line number="160" hits="3865" branch="false"/><line number="207" hits="3865" branch="false"/><line number="213" hits="15360" branch="false"/><line number="216" hits="383424" branch="false"/><line number="217" hits="383424" branch="true" condition-coverage="100% (2/2)"><conditions><condition number="0" type="jump" coverage="100%"/></conditions></line><line number="220" hits="368064" branch="false"/><line number="223" hits="368064" branch="false"/><line number="224" hits="368064" branch="false"/><line number="227" hits="368064" branch="false"/><line number="230" hits="368064" branch="false"/><line number="233" hits="368064" branch="false"/><line number="235" hits="15360" branch="false"/><line number="237" hits="5766" branch="false"/><line number="239" hits="143742" branch="false"/><line number="240" hits="143742" branch="true" condition-coverage="100% (2/2)"><conditions><condition number="0" type="jump" coverage="100%"/></conditions></line><line number="243" hits="137976" branch="false"/><line number="244" hits="137976" branch="false"/><line number="246" hits="5766" branch="false"/><line number="266" hits="30920" branch="false"/><line number="269" hits="15467" branch="false"/><line number="316" hits="15467" branch="false"/><line number="322" hits="76381" branch="false"/><line number="325" hits="991261" branch="false"/><line number="326" hits="991261" branch="true" condition-coverage="100% (6/6)"><conditions><condition number="0" type="jump" coverage="100%"/></conditions></line><line number="329" hits="914880" branch="false"/><line number="332" hits="914880" branch="false"/><line number="333" hits="914880" branch="false"/><line number="334" hits="914880" branch="false"/><line number="335" hits="914880" branch="false"/><line number="338" hits="914880" branch="false"/><line number="341" hits="914880" branch="false"/><line number="344" hits="914880" branch="false"/><line number="346" hits="76381" branch="false"/><line number="348" hits="28047" branch="false"/><line number="351" hits="363567" branch="false"/><line number="352" hits="363567" branch="true" condition-coverage="100% (6/6)"><conditions><condition number="0" type="jump" coverage="100%"/></conditions></line><line number="355" hits="335520" branch="false"/><line number="356" hits="335520" branch="false"/><line number="357" hits="335520" branch="false"/><line number="358" hits="335520" branch="false"/><line number="360" hits="28047" branch="false"/><line number="380" hits="7680" branch="false"/><line number="383" hits="3857" branch="false"/><line number="430" hits="3857" branch="false"/><line number="436" hits="15300" branch="false"/><line number="439" hits="106626" branch="false"/><line number="440" hits="106626" branch="true" condition-coverage="50% (2/4)"><conditions><condition number="0" type="jump" coverage="50%"/></conditions></line><line number="443" hits="91326" branch="false"/><line number="446" hits="91326" branch="false"/><line number="447" hits="91326" branch="false"/><line number="448" hits="91326" branch="false"/><line number="449" hits="91326" branch="false"/><line number="450" hits="91326" branch="false"/><line number="451" hits="91326" branch="false"/><line number="452" hits="91326" branch="false"/><line number="453" hits="91326" branch="false"/><line number="457" hits="91326" branch="false"/><line number="460" hits="91326" branch="false"/><line number="463" hits="91326" branch="false"/><line number="465" hits="15300" branch="false"/><line number="467" hits="5741" branch="false"/><line number="470" hits="39863" branch="false"/><line number="471" hits="39863" branch="true" condition-coverage="50% (2/4)"><conditions><condition number="0" type="jump" coverage="50%"/></conditions></line><line number="474" hits="34122" branch="false"/><line number="475" hits="34122" branch="false"/><line number="476" hits="34122" branch="false"/><line number="477" hits="34122" branch="false"/><line number="478" hits="34122" branch="false"/><line number="479" hits="34122" branch="false"/><line number="480" hits="34122" branch="false"/><line number="481" hits="34122" branch="false"/><line number="483" hits="5741" branch="false"/></lines></class></classes></package><package name="digital_signature.edwards_curve" line-rate="0.727272727273" branch-rate="0.214285714286" complexity="0.0"><classes><class name="digital_signature_ed25519_base_h" filename="digital_signature/edwards_curve/digital_signature_ed25519_base.h" line-rate="0.823529411765" branch-rate="0.5" complexity="0.0"><methods/><lines><line number="25" hits="20883" branch="false"/><line number="39" hits="0" branch="false"/><line number="40" hits="0" branch="false"/><line number="41" hits="0" branch="false"/><line number="43" hits="2" branch="false"/><line number="45" hits="22174" branch="false"/><line number="46" hits="2" branch="false"/><line number="48" hits="2" branch="false"/><line number="52" hits="78883" branch="true" condition-coverage="50% (2/4)"><conditions><condition number="0" type="jump" coverage="50%"/></conditions></line><line number="53" hits="2" branch="false"/><line number="55" hits="2" branch="false"/><line number="57" hits="20858" branch="false"/><line number="58" hits="2" branch="false"/><line number="60" hits="2" branch="false"/><line number="64" hits="79207" branch="false"/><line number="65" hits="2" branch="false"/><line number="70" hits="41824" branch="false"/></lines></class><class name="digital_signature_ed25519ph_h" filename="digital_signature/edwards_curve/digital_signature_ed25519ph.h" line-rate="0.666666666667" branch-rate="0.1" complexity="0.0"><methods/><lines><line number="21" hits="41824" branch="false"/><line number="33" hits="41766" branch="false"/><line number="35" hits="0" branch="false"/><line number="49" hits="2" branch="false"/><line number="51" hits="0" branch="true" condition-coverage="0% (0/2)"><conditions><condition number="0" type="jump" coverage="0%"/></conditions></line><line number="53" hits="0" branch="false"/><line number="56" hits="0" branch="true" condition-coverage="0% (0/2)"><conditions><condition number="0" type="jump" coverage="0%"/></conditions></line><line number="58" hits="0" branch="false"/><line number="61" hits="0" branch="false"/><line number="64" hits="0" branch="false"/><line number="73" hits="1" branch="false"/><line number="75" hits="1" branch="true" condition-coverage="0% (0/4)"><conditions><condition number="0" type="jump" coverage="0%"/></conditions></line><line number="77" hits="1" branch="false"/><line number="79" hits="0" branch="false"/><line number="82" hits="10454" branch="false"/><line number="93" hits="10454" branch="false"/><line number="98" hits="31371" branch="false"/><line number="103" hits="10463" branch="false"/><line number="106" hits="10463" branch="false"/><line number="109" hits="10451" branch="true" condition-coverage="50% (1/2)"><conditions><condition number="0" type="jump" coverage="50%"/></conditions></line><line number="111" hits="0" branch="false"/><line number="114" hits="10451" branch="false"/><line number="117" hits="10467" branch="false"/><line number="127" hits="31400" branch="false"/><line number="131" hits="10466" branch="false"/><line number="134" hits="10466" branch="false"/><line number="136" hits="10427" branch="false"/></lines></class></classes></package><package name="digital_signature.edwards_curve.libsodium.src" line-rate="0.998834498834" branch-rate="0.919642857143" complexity="0.0"><classes><class name="crypto_ed25519_h" filename="digital_signature/edwards_curve/libsodium/src/crypto_ed25519.h" line-rate="1.0" branch-rate="0.6875" complexity="0.0"><methods/><lines><line number="26" hits="31316" branch="false"/><line number="34" hits="1" branch="false"/><line number="36" hits="1" branch="false"/><line number="40" hits="3" branch="false"/><line number="41" hits="1" branch="false"/><line number="44" hits="1" branch="false"/><line number="45" hits="1" branch="false"/><line number="47" hits="1" branch="false"/><line number="48" hits="31316" branch="true" condition-coverage="75% (3/4)"><conditions><condition number="0" type="jump" coverage="75%"/></conditions></line><line number="50" hits="31316" branch="false"/><line number="69" hits="10459" branch="false"/><line number="79" hits="20907" branch="false"/><line number="84" hits="10459" branch="false"/><line number="86" hits="10463" branch="false"/><line number="87" hits="10463" branch="false"/><line number="89" hits="20923" branch="false"/><line number="91" hits="10462" branch="false"/><line number="93" hits="10462" branch="true" condition-coverage="50% (1/2)"><conditions><condition number="0" type="jump" coverage="50%"/></conditions></line><line number="95" hits="10463" branch="false"/><line number="100" hits="10452" branch="false"/><line number="101" hits="10453" branch="false"/><line number="103" hits="20910" branch="false"/><line number="105" hits="20926" branch="false"/><line number="107" hits="10463" branch="false"/><line number="108" hits="10457" branch="false"/><line number="109" hits="10462" branch="false"/><line number="111" hits="10439" branch="false"/><line number="113" hits="10439" branch="true" condition-coverage="50% (1/2)"><conditions><condition number="0" type="jump" coverage="50%"/></conditions></line><line number="115" hits="10446" branch="false"/><line number="119" hits="10434" branch="false"/><line number="120" hits="10434" branch="false"/><line number="122" hits="20885" branch="false"/><line number="124" hits="10434" branch="false"/><line number="126" hits="10427" branch="false"/><line number="127" hits="10427" branch="false"/><line number="128" hits="10427" branch="false"/><line number="130" hits="31281" branch="false"/><line number="132" hits="20896" branch="false"/><line number="133" hits="20896" branch="false"/><line number="135" hits="10448" branch="true" condition-coverage="50% (1/2)"><conditions><condition number="0" type="jump" coverage="50%"/></conditions></line><line number="137" hits="10455" branch="false"/><line number="140" hits="20896" branch="false"/><line number="144" hits="10458" branch="false"/><line number="153" hits="20892" branch="false"/><line number="157" hits="10458" branch="false"/><line number="158" hits="10458" branch="false"/><line number="162" hits="10458" branch="false"/><line number="164" hits="10456" branch="true" condition-coverage="50% (1/2)"><conditions><condition number="0" type="jump" coverage="50%"/></conditions></line><line number="170" hits="10449" branch="false"/><line number="172" hits="10449" branch="true" condition-coverage="100% (2/2)"><conditions><condition number="0" type="jump" coverage="100%"/></conditions></line><line number="174" hits="10443" branch="false"/><line number="178" hits="10463" branch="false"/><line number="179" hits="10461" branch="false"/><line number="180" hits="10463" branch="false"/><line number="182" hits="20921" branch="false"/><line number="184" hits="10462" branch="false"/><line number="185" hits="20802" branch="false"/><line number="186" hits="10459" branch="false"/><line number="188" hits="31308" branch="false"/><line number="190" hits="10436" branch="false"/><line number="195" hits="20868" branch="false"/><line number="313" hits="5" branch="false"/><line number="319" hits="5" branch="true" condition-coverage="100% (2/2)"><conditions><condition number="0" type="jump" coverage="100%"/></conditions></line><line number="326" hits="4" branch="false"/><line number="330" hits="4" branch="false"/><line number="332" hits="2" branch="false"/><line number="334" hits="2" branch="false"/><line number="341" hits="6" branch="false"/><line number="343" hits="3" branch="false"/><line number="345" hits="3" branch="false"/><line number="346" hits="3" branch="false"/><line number="349" hits="6" branch="false"/><line number="351" hits="9" branch="false"/><line number="353" hits="3" branch="false"/><line number="354" hits="3" branch="false"/><line number="355" hits="3" branch="false"/><line number="357" hits="3" branch="false"/><line number="358" hits="3" branch="false"/><line number="360" hits="3" branch="false"/><line number="361" hits="6" branch="false"/><line number="363" hits="3" branch="false"/><line number="366" hits="5" branch="false"/></lines></class><class name="crypto_ed25519_ref10_h" filename="digital_signature/edwards_curve/libsodium/src/crypto_ed25519_ref10.h" line-rate="0.998622589532" branch-rate="0.958333333333" complexity="0.0"><methods/><lines><line number="37" hits="291606" branch="false"/><line number="45" hits="874818" branch="false"/><line number="46" hits="875565" branch="false"/><line number="47" hits="1460355" branch="false"/><line number="48" hits="1460630" branch="false"/><line number="50" hits="291798" branch="false"/><line number="51" hits="583596" branch="false"/><line number="53" hits="1167192" branch="false"/><line number="54" hits="1167192" branch="false"/><line number="55" hits="875394" branch="false"/><line number="56" hits="875394" branch="false"/><line number="57" hits="291798" branch="false"/><line number="60" hits="217343" branch="false"/><line number="68" hits="652029" branch="false"/><line number="69" hits="652188" branch="false"/><line number="70" hits="1087515" branch="false"/><line number="71" hits="1087360" branch="false"/><line number="73" hits="217426" branch="false"/><line number="74" hits="434852" branch="false"/><line number="76" hits="869704" branch="false"/><line number="77" hits="869704" branch="false"/><line number="78" hits="652278" branch="false"/><line number="79" hits="652278" branch="false"/><line number="80" hits="217426" branch="false"/><line number="83" hits="83650" branch="false"/><line number="90" hits="83650" branch="false"/><line number="107" hits="83653" branch="true" condition-coverage="75% (3/4)"><conditions><condition number="0" type="jump" coverage="75%"/></conditions></line><line number="109" hits="250965" branch="false"/><line number="110" hits="250965" branch="false"/><line number="111" hits="83655" branch="false"/><line number="112" hits="83655" branch="false"/><line number="113" hits="83665" branch="false"/><line number="116" hits="1623666" branch="false"/><line number="121" hits="4870998" branch="false"/><line number="122" hits="4864620" branch="false"/><line number="123" hits="4870299" branch="false"/><line number="124" hits="4879872" branch="false"/><line number="125" hits="1626850" branch="false"/><line number="128" hits="10467" branch="false"/><line number="133" hits="10467" branch="false"/><line number="138" hits="10467" branch="false"/><line number="139" hits="10465" branch="false"/><line number="140" hits="10465" branch="false"/><line number="141" hits="10466" branch="false"/><line number="142" hits="10461" branch="false"/><line number="143" hits="10463" branch="false"/><line number="144" hits="10465" branch="false"/><line number="145" hits="10465" branch="false"/><line number="147" hits="10466" branch="false"/><line number="148" hits="10466" branch="false"/><line number="149" hits="10464" branch="false"/><line number="150" hits="10460" branch="false"/><line number="151" hits="10460" branch="false"/><line number="152" hits="10462" branch="false"/><line number="153" hits="10466" branch="false"/><line number="154" hits="10466" branch="false"/><line number="155" hits="10467" branch="false"/><line number="156" hits="10467" branch="false"/><line number="157" hits="10467" branch="false"/><line number="158" hits="10466" branch="false"/><line number="159" hits="10467" branch="false"/><line number="160" hits="10467" branch="false"/><line number="161" hits="10462" branch="false"/><line number="162" hits="10466" branch="false"/><line number="163" hits="10466" branch="false"/><line number="164" hits="10461" branch="false"/><line number="165" hits="10467" branch="false"/><line number="166" hits="10467" branch="false"/><line number="167" hits="10466" branch="false"/><line number="168" hits="10462" branch="false"/><line number="169" hits="10462" branch="false"/><line number="170" hits="10463" branch="false"/><line number="173" hits="20908" branch="false"/><line number="175" hits="5291436" branch="true" condition-coverage="100% (2/2)"><conditions><condition number="0" type="jump" coverage="100%"/></conditions></line><line number="177" hits="5270528" branch="false"/><line number="179" hits="5270528" branch="false"/><line number="182" hits="10465196" branch="true" condition-coverage="100% (2/2)"><conditions><condition number="0" type="jump" coverage="100%"/></conditions></line><line number="184" hits="5222144" branch="true" condition-coverage="100% (2/2)"><conditions><condition number="0" type="jump" coverage="100%"/></conditions></line><line number="186" hits="4370032" branch="false"/><line number="189" hits="9049558" branch="true" condition-coverage="100% (4/4)"><conditions><condition number="0" type="jump" coverage="100%"/></conditions></line><line number="191" hits="4704843" branch="true" condition-coverage="100% (2/2)"><conditions><condition number="0" type="jump" coverage="100%"/></conditions></line><line number="193" hits="2393214" branch="false"/><line number="196" hits="2311629" branch="false"/><line number="197" hits="2311629" branch="false"/><line number="199" hits="2311629" branch="false"/><line number="200" hits="2311629" branch="false"/><line number="202" hits="2311629" branch="true" condition-coverage="100% (2/2)"><conditions><condition number="0" type="jump" coverage="100%"/></conditions></line><line number="204" hits="1279279" branch="false"/><line number="205" hits="1279279" branch="false"/><line number="209" hits="1032350" branch="false"/><line number="211" hits="1032350" branch="true" condition-coverage="100% (2/2)"><conditions><condition number="0" type="jump" coverage="100%"/></conditions></line><line number="216" hits="426230" branch="false"/><line number="218" hits="1332804" branch="true" condition-coverage="50% (1/2)"><conditions><condition number="0" type="jump" coverage="50%"/></conditions></line><line number="220" hits="1332804" branch="true" condition-coverage="100% (2/2)"><conditions><condition number="0" type="jump" coverage="100%"/></conditions></line><line number="222" hits="426230" branch="false"/><line number="224" hits="426230" branch="false"/><line number="227" hits="906574" branch="false"/><line number="232" hits="20908" branch="false"/><line number="235" hits="883207" branch="false"/><line number="243" hits="3532828" branch="false"/><line number="244" hits="3532828" branch="false"/><line number="245" hits="2649621" branch="false"/><line number="246" hits="2632365" branch="false"/><line number="247" hits="2631330" branch="false"/><line number="249" hits="883430" branch="false"/><line number="250" hits="1766860" branch="false"/><line number="252" hits="3533720" branch="false"/><line number="253" hits="2650290" branch="false"/><line number="254" hits="2650290" branch="false"/><line number="255" hits="2650290" branch="false"/><line number="256" hits="883430" branch="false"/><line number="259" hits="219746" branch="false"/><line number="267" hits="878984" branch="false"/><line number="268" hits="878984" branch="false"/><line number="269" hits="659238" branch="false"/><line number="270" hits="659043" branch="false"/><line number="271" hits="659061" branch="false"/><line number="273" hits="219723" branch="false"/><line number="274" hits="439446" branch="false"/><line number="276" hits="878892" branch="false"/><line number="277" hits="878892" branch="false"/><line number="278" hits="659169" branch="false"/><line number="279" hits="659169" branch="false"/><line number="280" hits="219723" branch="false"/><line number="287" hits="20224" branch="false"/><line number="288" hits="20224" branch="false"/><line number="289" hits="10112" branch="false"/><line number="293" hits="2642138" branch="false"/><line number="300" hits="5284276" branch="false"/><line number="301" hits="5318330" branch="false"/><line number="302" hits="5307622" branch="false"/><line number="305" hits="7987164" branch="false"/><line number="307" hits="10606404" branch="false"/><line number="308" hits="10606404" branch="false"/><line number="309" hits="7954803" branch="false"/><line number="310" hits="10606404" branch="false"/><line number="311" hits="2651601" branch="false"/><line number="314" hits="10447" branch="false"/><line number="318" hits="20894" branch="false"/><line number="319" hits="20894" branch="false"/><line number="320" hits="20894" branch="false"/><line number="321" hits="20894" branch="false"/><line number="322" hits="10447" branch="false"/><line number="330" hits="41798" branch="false"/><line number="331" hits="41798" branch="false"/><line number="332" hits="41798" branch="false"/><line number="336" hits="20899" branch="false"/><line number="341" hits="20899" branch="false"/><line number="343" hits="20899" branch="false"/><line number="344" hits="20899" branch="false"/><line number="345" hits="20874" branch="false"/><line number="352" hits="1329824" branch="false"/><line number="353" hits="1329824" branch="false"/><line number="354" hits="664912" branch="false"/><line number="360" hits="5259672" branch="false"/><line number="361" hits="5259672" branch="false"/><line number="363" hits="5259672" branch="false"/><line number="364" hits="5259672" branch="false"/><line number="366" hits="5259672" branch="false"/><line number="367" hits="5259672" branch="false"/><line number="369" hits="5259672" branch="false"/><line number="376" hits="664912" branch="false"/><line number="379" hits="664912" branch="true" condition-coverage="100% (2/2)"><conditions><condition number="0" type="jump" coverage="100%"/></conditions></line><line number="383" hits="664912" branch="false"/><line number="387" hits="1329824" branch="false"/><line number="388" hits="664912" branch="false"/><line number="395" hits="5924584" branch="true" condition-coverage="100% (2/2)"><conditions><condition number="0" type="jump" coverage="100%"/></conditions></line><line number="397" hits="10519344" branch="false"/><line number="399" hits="5259672" branch="false"/><line number="401" hits="5259672" branch="true" condition-coverage="100% (2/2)"><conditions><condition number="0" type="jump" coverage="100%"/></conditions></line><line number="403" hits="616397" branch="false"/><line number="407" hits="664912" branch="true" condition-coverage="100% (2/2)"><conditions><condition number="0" type="jump" coverage="100%"/></conditions></line><line number="409" hits="622864" branch="false"/><line number="412" hits="666551" branch="true" condition-coverage="100% (2/2)"><conditions><condition number="0" type="jump" coverage="100%"/></conditions></line><line number="414" hits="1001724" branch="false"/><line number="416" hits="1001724" branch="false"/><line number="418" hits="666551" branch="false"/><line number="512" hits="20899" branch="false"/><line number="517" hits="20899" branch="false"/><line number="523" hits="20899" branch="false"/><line number="524" hits="20895" branch="false"/><line number="525" hits="20887" branch="false"/><line number="526" hits="20912" branch="false"/><line number="527" hits="20926" branch="false"/><line number="528" hits="20934" branch="false"/><line number="529" hits="20912" branch="false"/><line number="530" hits="20921" branch="false"/><line number="531" hits="20935" branch="false"/><line number="532" hits="20935" branch="false"/><line number="533" hits="20935" branch="false"/><line number="534" hits="20935" branch="false"/><line number="535" hits="20935" branch="false"/><line number="536" hits="20909" branch="false"/><line number="537" hits="20932" branch="false"/><line number="538" hits="20932" branch="false"/><line number="539" hits="20911" branch="false"/><line number="540" hits="20908" branch="false"/><line number="541" hits="20908" branch="false"/><line number="542" hits="20919" branch="false"/><line number="543" hits="20932" branch="false"/><line number="544" hits="20932" branch="false"/><line number="545" hits="20932" branch="false"/><line number="546" hits="20934" branch="false"/><line number="547" hits="20934" branch="false"/><line number="548" hits="20920" branch="false"/><line number="549" hits="20932" branch="false"/><line number="550" hits="20932" branch="false"/><line number="551" hits="20927" branch="false"/><line number="552" hits="20907" branch="false"/><line number="553" hits="20907" branch="false"/><line number="554" hits="20920" branch="false"/><line number="557" hits="10446" branch="false"/><line number="561" hits="10446" branch="false"/><line number="583" hits="20910" branch="false"/><line number="584" hits="20910" branch="false"/><line number="585" hits="10455" branch="false"/><line number="586" hits="10454" branch="false"/><line number="589" hits="10462" branch="false"/><line number="592" hits="10462" branch="false"/><line number="596" hits="10462" branch="false"/><line number="597" hits="10463" branch="false"/><line number="600" hits="10463" branch="false"/><line number="601" hits="10464" branch="false"/><line number="602" hits="10466" branch="false"/><line number="604" hits="20934" branch="false"/><line number="607" hits="10462" branch="false"/><line number="610" hits="10461" branch="false"/><line number="613" hits="10459" branch="false"/><line number="614" hits="10462" branch="false"/><line number="617" hits="10459" branch="false"/><line number="619" hits="10459" branch="true" condition-coverage="100% (2/2)"><conditions><condition number="0" type="jump" coverage="100%"/></conditions></line><line number="622" hits="3726" branch="false"/><line number="624" hits="3726" branch="true" condition-coverage="50% (1/2)"><conditions><condition number="0" type="jump" coverage="50%"/></conditions></line><line number="626" hits="0" branch="false"/><line number="629" hits="3726" branch="false"/><line number="645" hits="7454" branch="false"/><line number="648" hits="20914" branch="false"/><line number="650" hits="10455" branch="true" condition-coverage="100% (2/2)"><conditions><condition number="0" type="jump" coverage="100%"/></conditions></line><line number="652" hits="17193" branch="false"/><line number="655" hits="31365" branch="false"/><line number="657" hits="10456" branch="false"/><line number="661" hits="2624560" branch="false"/><line number="666" hits="7873680" branch="false"/><line number="667" hits="7895754" branch="false"/><line number="668" hits="7856658" branch="false"/><line number="669" hits="2622149" branch="false"/><line number="683" hits="10464" branch="false"/><line number="689" hits="10464" branch="false"/><line number="690" hits="10464" branch="false"/><line number="691" hits="10459" branch="false"/><line number="692" hits="10461" branch="false"/><line number="694" hits="10455" branch="true" condition-coverage="100% (2/2)"><conditions><condition number="0" type="jump" coverage="100%"/></conditions></line><line number="696" hits="10455" branch="false"/><line number="697" hits="10455" branch="false"/><line number="700" hits="10450" branch="false"/><line number="706" hits="10450" branch="false"/><line number="707" hits="10455" branch="false"/><line number="708" hits="10459" branch="false"/><line number="710" hits="10453" branch="false"/><line number="712" hits="10436" branch="true" condition-coverage="100% (2/2)"><conditions><condition number="0" type="jump" coverage="100%"/></conditions></line><line number="714" hits="10436" branch="false"/><line number="715" hits="10436" branch="false"/><line number="718" hits="10418" branch="false"/><line number="734" hits="10418" branch="false"/><line number="736" hits="10418" branch="false"/><line number="737" hits="10418" branch="false"/><line number="738" hits="10418" branch="false"/><line number="742" hits="10418" branch="false"/><line number="743" hits="10448" branch="false"/><line number="745" hits="10455" branch="false"/><line number="747" hits="10434" branch="false"/><line number="748" hits="10433" branch="false"/><line number="750" hits="10457" branch="false"/><line number="751" hits="10432" branch="false"/><line number="752" hits="10467" branch="false"/><line number="754" hits="10463" branch="false"/><line number="755" hits="10462" branch="false"/><line number="756" hits="10467" branch="false"/><line number="758" hits="10466" branch="false"/><line number="759" hits="10460" branch="false"/><line number="760" hits="10467" branch="false"/><line number="762" hits="10466" branch="false"/><line number="763" hits="10462" branch="false"/><line number="764" hits="10465" branch="false"/><line number="766" hits="10464" branch="false"/><line number="767" hits="10466" branch="false"/><line number="768" hits="10465" branch="false"/><line number="770" hits="10455" branch="false"/><line number="771" hits="10463" branch="false"/><line number="772" hits="10466" branch="false"/><line number="774" hits="10465" branch="false"/><line number="775" hits="10466" branch="false"/><line number="776" hits="10467" branch="false"/><line number="780" hits="110636" branch="true" condition-coverage="50% (1/2)"><conditions><condition number="0" type="jump" coverage="50%"/></conditions></line><line number="782" hits="60761" branch="true" condition-coverage="100% (4/4)"><conditions><condition number="0" type="jump" coverage="100%"/></conditions></line><line number="788" hits="5193730" branch="true" condition-coverage="100% (2/2)"><conditions><condition number="0" type="jump" coverage="100%"/></conditions></line><line number="790" hits="2591455" branch="false"/><line number="792" hits="2607812" branch="true" condition-coverage="100% (2/2)"><conditions><condition number="0" type="jump" coverage="100%"/></conditions></line><line number="794" hits="218719" branch="false"/><line number="795" hits="218695" branch="false"/><line number="797" hits="2389093" branch="true" condition-coverage="100% (2/2)"><conditions><condition number="0" type="jump" coverage="100%"/></conditions></line><line number="799" hits="217408" branch="false"/><line number="800" hits="217346" branch="false"/><line number="803" hits="2604981" branch="true" condition-coverage="100% (2/2)"><conditions><condition number="0" type="jump" coverage="100%"/></conditions></line><line number="805" hits="217474" branch="false"/><line number="807" hits="217471" branch="false"/><line number="808" hits="217471" branch="false"/><line number="810" hits="217439" branch="false"/><line number="812" hits="2387507" branch="true" condition-coverage="100% (2/2)"><conditions><condition number="0" type="jump" coverage="100%"/></conditions></line><line number="814" hits="219689" branch="false"/><line number="816" hits="219666" branch="false"/><line number="817" hits="219666" branch="false"/><line number="819" hits="219626" branch="false"/><line number="822" hits="2604896" branch="false"/><line number="824" hits="10466" branch="false"/><line number="827" hits="10460" branch="false"/><line number="837" hits="10460" branch="false"/><line number="838" hits="10460" branch="false"/><line number="839" hits="10460" branch="false"/><line number="844" hits="342364" branch="true" condition-coverage="100% (2/2)"><conditions><condition number="0" type="jump" coverage="100%"/></conditions></line><line number="846" hits="331904" branch="false"/><line number="847" hits="331904" branch="false"/><line number="855" hits="1311158" branch="true" condition-coverage="100% (2/2)"><conditions><condition number="0" type="jump" coverage="100%"/></conditions></line><line number="857" hits="650349" branch="false"/><line number="859" hits="650349" branch="false"/><line number="860" hits="650349" branch="false"/><line number="862" hits="650349" branch="false"/><line number="865" hits="10460" branch="false"/><line number="869" hits="10460" branch="false"/><line number="871" hits="343662" branch="true" condition-coverage="100% (2/2)"><conditions><condition number="0" type="jump" coverage="100%"/></conditions></line><line number="873" hits="333042" branch="false"/><line number="874" hits="333429" branch="false"/><line number="875" hits="332130" branch="false"/><line number="878" hits="10468" branch="false"/><line number="879" hits="10437" branch="false"/><line number="880" hits="10470" branch="false"/><line number="881" hits="10468" branch="false"/><line number="882" hits="10468" branch="false"/><line number="883" hits="10467" branch="false"/><line number="884" hits="10467" branch="false"/><line number="885" hits="10465" branch="false"/><line number="887" hits="343744" branch="true" condition-coverage="100% (2/2)"><conditions><condition number="0" type="jump" coverage="100%"/></conditions></line><line number="889" hits="333269" branch="false"/><line number="890" hits="333551" branch="false"/><line number="891" hits="332119" branch="false"/><line number="893" hits="10469" branch="false"/><line number="998" hits="10440" branch="false"/><line number="1023" hits="10440" branch="false"/><line number="1024" hits="20880" branch="false"/><line number="1025" hits="20880" branch="false"/><line number="1026" hits="20880" branch="false"/><line number="1027" hits="20880" branch="false"/><line number="1028" hits="20880" branch="false"/><line number="1029" hits="20880" branch="false"/><line number="1030" hits="20880" branch="false"/><line number="1031" hits="20880" branch="false"/><line number="1032" hits="20880" branch="false"/><line number="1033" hits="20880" branch="false"/><line number="1034" hits="20880" branch="false"/><line number="1036" hits="10440" branch="false"/><line number="1037" hits="20880" branch="false"/><line number="1038" hits="20880" branch="false"/><line number="1039" hits="20880" branch="false"/><line number="1040" hits="20880" branch="false"/><line number="1041" hits="20880" branch="false"/><line number="1042" hits="20880" branch="false"/><line number="1043" hits="20880" branch="false"/><line number="1044" hits="20880" branch="false"/><line number="1045" hits="20880" branch="false"/><line number="1046" hits="20880" branch="false"/><line number="1047" hits="20880" branch="false"/><line number="1049" hits="10440" branch="false"/><line number="1050" hits="20880" branch="false"/><line number="1051" hits="20880" branch="false"/><line number="1052" hits="20880" branch="false"/><line number="1053" hits="20880" branch="false"/><line number="1054" hits="20880" branch="false"/><line number="1055" hits="20880" branch="false"/><line number="1056" hits="20880" branch="false"/><line number="1057" hits="20880" branch="false"/><line number="1058" hits="20880" branch="false"/><line number="1059" hits="20880" branch="false"/><line number="1060" hits="20880" branch="false"/><line number="1062" hits="10440" branch="false"/><line number="1063" hits="10440" branch="false"/><line number="1064" hits="10440" branch="false"/><line number="1065" hits="10440" branch="false"/><line number="1066" hits="10440" branch="false"/><line number="1067" hits="10440" branch="false"/><line number="1068" hits="10440" branch="false"/><line number="1069" hits="10440" branch="false"/><line number="1070" hits="10440" branch="false"/><line number="1071" hits="10440" branch="false"/><line number="1072" hits="10440" branch="false"/><line number="1073" hits="10440" branch="false"/><line number="1074" hits="10440" branch="false"/><line number="1075" hits="10440" branch="false"/><line number="1076" hits="10440" branch="false"/><line number="1077" hits="10440" branch="false"/><line number="1078" hits="10440" branch="false"/><line number="1079" hits="10440" branch="false"/><line number="1080" hits="10440" branch="false"/><line number="1081" hits="10440" branch="false"/><line number="1082" hits="10440" branch="false"/><line number="1083" hits="10440" branch="false"/><line number="1084" hits="10440" branch="false"/><line number="1085" hits="10440" branch="false"/><line number="1088" hits="134028" branch="true" condition-coverage="100% (2/2)"><conditions><condition number="0" type="jump" coverage="100%"/></conditions></line><line number="1090" hits="247176" branch="false"/><line number="1091" hits="123588" branch="false"/><line number="1092" hits="123588" branch="false"/><line number="1095" hits="237062" branch="true" condition-coverage="100% (2/2)"><conditions><condition number="0" type="jump" coverage="100%"/></conditions></line><line number="1097" hits="226622" branch="false"/><line number="1098" hits="113311" branch="false"/><line number="1099" hits="113311" branch="false"/><line number="1102" hits="10440" branch="false"/><line number="1103" hits="10440" branch="false"/><line number="1104" hits="10440" branch="false"/><line number="1105" hits="10440" branch="false"/><line number="1106" hits="10440" branch="false"/><line number="1107" hits="10440" branch="false"/><line number="1109" hits="10440" branch="false"/><line number="1110" hits="10440" branch="false"/><line number="1111" hits="10440" branch="false"/><line number="1112" hits="10440" branch="false"/><line number="1113" hits="10440" branch="false"/><line number="1114" hits="10440" branch="false"/><line number="1116" hits="10440" branch="false"/><line number="1117" hits="10440" branch="false"/><line number="1118" hits="10440" branch="false"/><line number="1119" hits="10440" branch="false"/><line number="1120" hits="10440" branch="false"/><line number="1121" hits="10440" branch="false"/><line number="1123" hits="10440" branch="false"/><line number="1124" hits="10440" branch="false"/><line number="1125" hits="10440" branch="false"/><line number="1126" hits="10440" branch="false"/><line number="1127" hits="10440" branch="false"/><line number="1128" hits="10440" branch="false"/><line number="1130" hits="10440" branch="false"/><line number="1131" hits="10440" branch="false"/><line number="1132" hits="10440" branch="false"/><line number="1133" hits="10440" branch="false"/><line number="1134" hits="10440" branch="false"/><line number="1135" hits="10440" branch="false"/><line number="1137" hits="10440" branch="false"/><line number="1138" hits="10440" branch="false"/><line number="1139" hits="10440" branch="false"/><line number="1140" hits="10440" branch="false"/><line number="1141" hits="10440" branch="false"/><line number="1142" hits="10440" branch="false"/><line number="1144" hits="72348" branch="true" condition-coverage="100% (2/2)"><conditions><condition number="0" type="jump" coverage="100%"/></conditions></line><line number="1146" hits="123816" branch="false"/><line number="1147" hits="61908" branch="false"/><line number="1148" hits="61908" branch="false"/><line number="1151" hits="113680" branch="true" condition-coverage="100% (2/2)"><conditions><condition number="0" type="jump" coverage="100%"/></conditions></line><line number="1153" hits="103240" branch="false"/><line number="1154" hits="51620" branch="false"/><line number="1155" hits="51620" branch="false"/><line number="1158" hits="10440" branch="false"/><line number="1159" hits="10440" branch="false"/><line number="1160" hits="10440" branch="false"/><line number="1161" hits="10440" branch="false"/><line number="1162" hits="10440" branch="false"/><line number="1163" hits="10440" branch="false"/><line number="1165" hits="10440" branch="false"/><line number="1166" hits="10440" branch="false"/><line number="1167" hits="10440" branch="false"/><line number="1168" hits="10440" branch="false"/><line number="1169" hits="10440" branch="false"/><line number="1170" hits="10440" branch="false"/><line number="1172" hits="10440" branch="false"/><line number="1173" hits="10440" branch="false"/><line number="1174" hits="10440" branch="false"/><line number="1175" hits="10440" branch="false"/><line number="1176" hits="10440" branch="false"/><line number="1177" hits="10440" branch="false"/><line number="1179" hits="10440" branch="false"/><line number="1180" hits="10440" branch="false"/><line number="1181" hits="10440" branch="false"/><line number="1182" hits="10440" branch="false"/><line number="1183" hits="10440" branch="false"/><line number="1184" hits="10440" branch="false"/><line number="1186" hits="10440" branch="false"/><line number="1187" hits="10440" branch="false"/><line number="1188" hits="10440" branch="false"/><line number="1189" hits="10440" branch="false"/><line number="1190" hits="10440" branch="false"/><line number="1191" hits="10440" branch="false"/><line number="1193" hits="10440" branch="false"/><line number="1194" hits="10440" branch="false"/><line number="1195" hits="10440" branch="false"/><line number="1196" hits="10440" branch="false"/><line number="1197" hits="10440" branch="false"/><line number="1198" hits="10440" branch="false"/><line number="1199" hits="10440" branch="false"/><line number="1201" hits="72288" branch="true" condition-coverage="100% (2/2)"><conditions><condition number="0" type="jump" coverage="100%"/></conditions></line><line number="1203" hits="123696" branch="false"/><line number="1204" hits="61848" branch="false"/><line number="1205" hits="61848" branch="false"/><line number="1208" hits="134292" branch="true" condition-coverage="100% (2/2)"><conditions><condition number="0" type="jump" coverage="100%"/></conditions></line><line number="1210" hits="123852" branch="false"/><line number="1211" hits="61926" branch="false"/><line number="1212" hits="61926" branch="false"/><line number="1215" hits="10440" branch="false"/><line number="1216" hits="10440" branch="false"/><line number="1217" hits="10440" branch="false"/><line number="1218" hits="10440" branch="false"/><line number="1219" hits="10440"
[...]
 number="336" hits="1" branch="false"/><line number="342" hits="1" branch="false"/><line number="343" hits="1" branch="true" condition-coverage="50% (1/2)"><conditions><condition number="0" type="jump" coverage="50%"/></conditions></line><line number="344" hits="1" branch="true" condition-coverage="50% (1/2)"><conditions><condition number="0" type="jump" coverage="50%"/></conditions></line><line number="345" hits="1" branch="true" condition-coverage="50% (1/2)"><conditions><condition number="0" type="jump" coverage="50%"/></conditions></line><line number="346" hits="1" branch="true" condition-coverage="50% (1/2)"><conditions><condition number="0" type="jump" coverage="50%"/></conditions></line><line number="348" hits="1" branch="false"/><line number="350" hits="1" branch="false"/><line number="356" hits="1" branch="false"/><line number="357" hits="1" branch="true" condition-coverage="50% (1/2)"><conditions><condition number="0" type="jump" coverage="50%"/></conditions></line><line number="358" hits="1" branch="true" condition-coverage="50% (1/2)"><conditions><condition number="0" type="jump" coverage="50%"/></conditions></line><line number="359" hits="1" branch="true" condition-coverage="50% (1/2)"><conditions><condition number="0" type="jump" coverage="50%"/></conditions></line><line number="360" hits="1" branch="true" condition-coverage="50% (1/2)"><conditions><condition number="0" type="jump" coverage="50%"/></conditions></line><line number="361" hits="1" branch="true" condition-coverage="50% (1/2)"><conditions><condition number="0" type="jump" coverage="50%"/></conditions></line><line number="363" hits="1" branch="false"/><line number="365" hits="1" branch="false"/><line number="369" hits="1" branch="false"/><line number="370" hits="11" branch="true" condition-coverage="100% (2/2)"><conditions><condition number="0" type="jump" coverage="100%"/></conditions></line><line number="372" hits="10" branch="true" condition-coverage="50% (1/2)"><conditions><condition number="0" type="jump" coverage="50%"/></conditions></line><line number="374" hits="1" branch="true" condition-coverage="50% (1/2)"><conditions><condition number="0" type="jump" coverage="50%"/></conditions></line><line number="376" hits="1" branch="true" condition-coverage="50% (1/2)"><conditions><condition number="0" type="jump" coverage="50%"/></conditions></line><line number="378" hits="3" branch="false"/><line number="380" hits="1" branch="false"/><line number="389" hits="1" branch="false"/><line number="390" hits="101" branch="true" condition-coverage="100% (2/2)"><conditions><condition number="0" type="jump" coverage="100%"/></conditions></line><line number="392" hits="100" branch="true" condition-coverage="50% (1/2)"><conditions><condition number="0" type="jump" coverage="50%"/></conditions></line><line number="394" hits="1" branch="true" condition-coverage="50% (1/2)"><conditions><condition number="0" type="jump" coverage="50%"/></conditions></line><line number="396" hits="1" branch="true" condition-coverage="50% (1/2)"><conditions><condition number="0" type="jump" coverage="50%"/></conditions></line><line number="404" hits="3" branch="false"/><line number="406" hits="1" branch="false"/><line number="409" hits="1" branch="false"/><line number="412" hits="1" branch="true" condition-coverage="50% (1/2)"><conditions><condition number="0" type="jump" coverage="50%"/></conditions></line><line number="414" hits="1" branch="true" condition-coverage="50% (1/2)"><conditions><condition number="0" type="jump" coverage="50%"/></conditions></line><line number="416" hits="1" branch="true" condition-coverage="50% (1/2)"><conditions><condition number="0" type="jump" coverage="50%"/></conditions></line><line number="418" hits="1" branch="true" condition-coverage="50% (1/2)"><conditions><condition number="0" type="jump" coverage="50%"/></conditions></line><line number="419" hits="2" branch="true" condition-coverage="50% (2/4)"><conditions><condition number="0" type="jump" coverage="50%"/></conditions></line><line number="421" hits="2" branch="false"/><line number="422" hits="3" branch="true" condition-coverage="50% (2/4)"><conditions><condition number="0" type="jump" coverage="50%"/></conditions></line></lines></class><class name="test_single_hash_md6_512_use_ring_allocator_cpp" filename="test_single/test_single_hash_md6_512_use_ring_allocator.cpp" line-rate="1.0" branch-rate="0.5625" complexity="0.0"><methods/><lines><line number="131" hits="1" branch="false"/><line number="135" hits="1" branch="false"/><line number="137" hits="2" branch="false"/><line number="143" hits="1" branch="false"/><line number="144" hits="1" branch="true" condition-coverage="50% (1/2)"><conditions><condition number="0" type="jump" coverage="50%"/></conditions></line><line number="145" hits="1" branch="true" condition-coverage="50% (1/2)"><conditions><condition number="0" type="jump" coverage="50%"/></conditions></line><line number="146" hits="1" branch="true" condition-coverage="50% (1/2)"><conditions><condition number="0" type="jump" coverage="50%"/></conditions></line><line number="147" hits="1" branch="true" condition-coverage="50% (1/2)"><conditions><condition number="0" type="jump" coverage="50%"/></conditions></line><line number="149" hits="1" branch="false"/><line number="151" hits="1" branch="false"/><line number="153" hits="1" branch="false"/><line number="154" hits="101" branch="true" condition-coverage="100% (2/2)"><conditions><condition number="0" type="jump" coverage="100%"/></conditions></line><line number="156" hits="100" branch="true" condition-coverage="50% (1/2)"><conditions><condition number="0" type="jump" coverage="50%"/></conditions></line><line number="158" hits="1" branch="true" condition-coverage="50% (1/2)"><conditions><condition number="0" type="jump" coverage="50%"/></conditions></line><line number="160" hits="1" branch="true" condition-coverage="50% (1/2)"><conditions><condition number="0" type="jump" coverage="50%"/></conditions></line><line number="162" hits="3" branch="false"/><line number="164" hits="1" branch="false"/><line number="166" hits="1" branch="false"/><line number="168" hits="2" branch="false"/><line number="169" hits="2" branch="false"/></lines></class><class name="test_single_hash_ripemd_128_cpp" filename="test_single/test_single_hash_ripemd_128.cpp" line-rate="1.0" branch-rate="0.0" complexity="0.0"><methods/><lines><line number="5" hits="1" branch="false"/><line number="10" hits="1" branch="false"/><line number="15" hits="1" branch="false"/><line number="21" hits="2" branch="false"/><line number="23" hits="1" branch="false"/><line number="25" hits="1" branch="false"/><line number="27" hits="1" branch="false"/><line number="29" hits="2" branch="false"/></lines></class><class name="test_single_hash_ripemd_160_cpp" filename="test_single/test_single_hash_ripemd_160.cpp" line-rate="1.0" branch-rate="0.0" complexity="0.0"><methods/><lines><line number="5" hits="1" branch="false"/><line number="10" hits="1" branch="false"/><line number="15" hits="1" branch="false"/><line number="21" hits="1" branch="false"/><line number="23" hits="1" branch="false"/><line number="25" hits="1" branch="false"/><line number="27" hits="1" branch="false"/><line number="29" hits="2" branch="false"/></lines></class><class name="test_single_hash_ripemd_256_cpp" filename="test_single/test_single_hash_ripemd_256.cpp" line-rate="1.0" branch-rate="0.0" complexity="0.0"><methods/><lines><line number="5" hits="1" branch="false"/><line number="10" hits="1" branch="false"/><line number="15" hits="1" branch="false"/><line number="23" hits="2" branch="false"/><line number="25" hits="1" branch="false"/><line number="27" hits="1" branch="false"/><line number="29" hits="1" branch="false"/><line number="31" hits="2" branch="false"/></lines></class><class name="test_single_hash_ripemd_320_cpp" filename="test_single/test_single_hash_ripemd_320.cpp" line-rate="1.0" branch-rate="0.0" complexity="0.0"><methods/><lines><line number="5" hits="1" branch="false"/><line number="10" hits="1" branch="false"/><line number="15" hits="1" branch="false"/><line number="23" hits="2" branch="false"/><line number="25" hits="1" branch="false"/><line number="27" hits="1" branch="false"/><line number="29" hits="1" branch="false"/><line number="31" hits="2" branch="false"/></lines></class><class name="test_single_hash_sha1_cpp" filename="test_single/test_single_hash_sha1.cpp" line-rate="1.0" branch-rate="0.0" complexity="0.0"><methods/><lines><line number="5" hits="1" branch="false"/><line number="10" hits="1" branch="false"/><line number="15" hits="1" branch="false"/><line number="21" hits="2" branch="false"/><line number="23" hits="1" branch="false"/><line number="25" hits="1" branch="false"/><line number="27" hits="1" branch="false"/><line number="29" hits="2" branch="false"/></lines></class><class name="test_single_hash_sha224_cpp" filename="test_single/test_single_hash_sha224.cpp" line-rate="1.0" branch-rate="0.0" complexity="0.0"><methods/><lines><line number="5" hits="1" branch="false"/><line number="10" hits="1" branch="false"/><line number="15" hits="1" branch="false"/><line number="26" hits="1" branch="false"/><line number="28" hits="1" branch="false"/><line number="30" hits="1" branch="false"/><line number="32" hits="1" branch="false"/><line number="34" hits="2" branch="false"/></lines></class><class name="test_single_hash_sha224_hash_of_chrono_now_cpp" filename="test_single/test_single_hash_sha224_hash_of_chrono_now.cpp" line-rate="1.0" branch-rate="0.625" complexity="0.0"><methods/><lines><line number="9" hits="1" branch="false"/><line number="17" hits="1" branch="false"/><line number="18" hits="4" branch="true" condition-coverage="50% (2/4)"><conditions><condition number="0" type="jump" coverage="50%"/></conditions></line><line number="28" hits="1" branch="false"/><line number="30" hits="4" branch="false"/><line number="32" hits="1" branch="true" condition-coverage="50% (1/2)"><conditions><condition number="0" type="jump" coverage="50%"/></conditions></line><line number="35" hits="1" branch="false"/><line number="40" hits="9" branch="true" condition-coverage="100% (2/2)"><conditions><condition number="0" type="jump" coverage="100%"/></conditions></line><line number="42" hits="16" branch="false"/><line number="48" hits="2" branch="false"/><line number="50" hits="1" branch="false"/><line number="51" hits="1" branch="false"/><line number="52" hits="1" branch="false"/><line number="54" hits="1" branch="false"/><line number="56" hits="7" branch="false"/><line number="58" hits="2" branch="false"/></lines></class><class name="test_single_hash_sha256_cpp" filename="test_single/test_single_hash_sha256.cpp" line-rate="1.0" branch-rate="0.0" complexity="0.0"><methods/><lines><line number="5" hits="1" branch="false"/><line number="10" hits="1" branch="false"/><line number="15" hits="1" branch="false"/><line number="23" hits="2" branch="false"/><line number="25" hits="1" branch="false"/><line number="27" hits="1" branch="false"/><line number="29" hits="1" branch="false"/><line number="31" hits="2" branch="false"/></lines></class><class name="test_single_hash_sha384_cpp" filename="test_single/test_single_hash_sha384.cpp" line-rate="1.0" branch-rate="0.0" complexity="0.0"><methods/><lines><line number="5" hits="1" branch="false"/><line number="10" hits="1" branch="false"/><line number="15" hits="1" branch="false"/><line number="25" hits="1" branch="false"/><line number="27" hits="1" branch="false"/><line number="29" hits="1" branch="false"/><line number="31" hits="1" branch="false"/><line number="33" hits="2" branch="false"/></lines></class><class name="test_single_hash_sha3_01_cpp" filename="test_single/test_single_hash_sha3_01.cpp" line-rate="1.0" branch-rate="0.0" complexity="0.0"><methods/><lines><line number="5" hits="1" branch="false"/><line number="10" hits="1" branch="false"/><line number="15" hits="1" branch="false"/><line number="27" hits="2" branch="false"/><line number="30" hits="1" branch="false"/><line number="32" hits="1" branch="false"/><line number="34" hits="1" branch="false"/><line number="36" hits="2" branch="false"/></lines></class><class name="test_single_hash_sha3_02_cpp" filename="test_single/test_single_hash_sha3_02.cpp" line-rate="1.0" branch-rate="0.0" complexity="0.0"><methods/><lines><line number="5" hits="1" branch="false"/><line number="10" hits="1" branch="false"/><line number="15" hits="1" branch="false"/><line number="27" hits="2" branch="false"/><line number="32" hits="1" branch="false"/><line number="33" hits="1" branch="false"/><line number="35" hits="1" branch="false"/><line number="37" hits="1" branch="false"/><line number="39" hits="2" branch="false"/></lines></class><class name="test_single_hash_sha512_01_cpp" filename="test_single/test_single_hash_sha512_01.cpp" line-rate="1.0" branch-rate="0.0" complexity="0.0"><methods/><lines><line number="5" hits="1" branch="false"/><line number="10" hits="1" branch="false"/><line number="15" hits="1" branch="false"/><line number="27" hits="2" branch="false"/><line number="30" hits="1" branch="false"/><line number="32" hits="1" branch="false"/><line number="34" hits="1" branch="false"/><line number="36" hits="2" branch="false"/></lines></class><class name="test_single_hash_sha512_02_cpp" filename="test_single/test_single_hash_sha512_02.cpp" line-rate="1.0" branch-rate="0.0" complexity="0.0"><methods/><lines><line number="5" hits="1" branch="false"/><line number="10" hits="1" branch="false"/><line number="15" hits="1" branch="false"/><line number="27" hits="2" branch="false"/><line number="32" hits="1" branch="false"/><line number="33" hits="1" branch="false"/><line number="35" hits="2" branch="false"/><line number="37" hits="1" branch="false"/><line number="43" hits="2" branch="false"/><line number="45" hits="1" branch="false"/><line number="47" hits="1" branch="false"/><line number="50" hits="2" branch="false"/></lines></class><class name="test_single_hash_sha512_result_as_chars_cpp" filename="test_single/test_single_hash_sha512_result_as_chars.cpp" line-rate="1.0" branch-rate="0.5" complexity="0.0"><methods/><lines><line number="9" hits="1" branch="false"/><line number="14" hits="1" branch="false"/><line number="18" hits="1" branch="false"/><line number="19" hits="1" branch="false"/><line number="21" hits="1" branch="false"/><line number="24" hits="2" branch="false"/><line number="26" hits="2" branch="false"/><line number="28" hits="1" branch="true" condition-coverage="50% (1/2)"><conditions><condition number="0" type="jump" coverage="50%"/></conditions></line><line number="29" hits="1" branch="true" condition-coverage="50% (1/2)"><conditions><condition number="0" type="jump" coverage="50%"/></conditions></line><line number="31" hits="3" branch="false"/><line number="32" hits="3" branch="false"/><line number="34" hits="1" branch="false"/><line number="37" hits="1" branch="false"/></lines></class><class name="test_single_hash_shake_cpp" filename="test_single/test_single_hash_shake.cpp" line-rate="1.0" branch-rate="0.0" complexity="0.0"><methods/><lines><line number="7" hits="1" branch="false"/><line number="10" hits="1" branch="false"/><line number="12" hits="1" branch="false"/></lines></class></classes></package><package name="util.memory" line-rate="0.857142857143" branch-rate="0.571428571429" complexity="0.0"><classes><class name="util_ring_allocator_h" filename="util/memory/util_ring_allocator.h" line-rate="0.857142857143" branch-rate="0.571428571429" complexity="0.0"><methods/><lines><line number="33" hits="1" branch="true" condition-coverage="100% (2/2)"><conditions><condition number="0" type="jump" coverage="100%"/></conditions></line><line number="37" hits="1" branch="false"/><line number="39" hits="2" branch="true" condition-coverage="50% (2/4)"><conditions><condition number="0" type="jump" coverage="50%"/></conditions></line><line number="43" hits="1" branch="true" condition-coverage="50% (1/2)"><conditions><condition number="0" type="jump" coverage="50%"/></conditions></line><line number="45" hits="1" branch="false"/><line number="49" hits="1" branch="false"/><line number="54" hits="1" branch="false"/><line number="56" hits="1" branch="true" condition-coverage="50% (1/2)"><conditions><condition number="0" type="jump" coverage="50%"/></conditions></line><line number="58" hits="0" branch="false"/><line number="61" hits="1" branch="false"/><line number="64" hits="1" branch="false"/><line number="66" hits="1" branch="true" condition-coverage="50% (1/2)"><conditions><condition number="0" type="jump" coverage="50%"/></conditions></line><line number="72" hits="0" branch="false"/><line number="73" hits="0" branch="false"/><line number="76" hits="1" branch="false"/><line number="114" hits="4" branch="false"/><line number="126" hits="3" branch="false"/><line number="128" hits="3" branch="false"/><line number="150" hits="1" branch="false"/><line number="152" hits="1" branch="false"/><line number="159" hits="4200" branch="true" condition-coverage="50% (1/2)"><conditions><condition number="0" type="jump" coverage="50%"/></conditions></line></lines></class></classes></package><package name="util.utility" line-rate="0.95652173913" branch-rate="0.4" complexity="0.0"><classes><class name="util_dynamic_array_h" filename="util/utility/util_dynamic_array.h" line-rate="0.947368421053" branch-rate="0.4" complexity="0.0"><methods/><lines><line number="37" hits="233674" branch="false"/><line number="41" hits="233674" branch="false"/><line number="43" hits="467061" branch="false"/><line number="45" hits="233674" branch="true" condition-coverage="100% (2/2)"><conditions><condition number="0" type="jump" coverage="100%"/></conditions></line><line number="47" hits="466681" branch="false"/><line number="50" hits="233387" branch="false"/><line number="52" hits="2891813974" branch="true" condition-coverage="100% (2/2)"><conditions><condition number="0" type="jump" coverage="100%"/></conditions></line><line number="54" hits="1927564800" branch="false"/><line number="56" hits="963782400" branch="false"/><line number="58" hits="233387" branch="false"/><line number="115" hits="0" branch="false"/><line number="117" hits="233487" branch="false"/><line number="119" hits="233403" branch="false"/><line number="121" hits="980757087" branch="true" condition-coverage="25% (4/16)"><conditions><condition number="0" type="jump" coverage="25%"/></conditions></line><line number="123" hits="980523600" branch="false"/><line number="125" hits="980523600" branch="false"/><line number="129" hits="466890" branch="false"/><line number="130" hits="233486" branch="false"/><line number="173" hits="964015787" branch="false"/></lines></class><class name="util_lexical_cast_h" filename="util/utility/util_lexical_cast.h" line-rate="1.0" branch-rate="0.0" complexity="0.0"><methods/><lines><line number="39" hits="4110" branch="false"/><line number="41" hits="8220" branch="false"/><line number="44" hits="4110" branch="false"/><line number="46" hits="8220" branch="false"/></lines></class></classes></package><package name="version" line-rate="1.0" branch-rate="0.5" complexity="0.0"><classes><class name="version_cpp" filename="version/version.cpp" line-rate="1.0" branch-rate="0.5" complexity="0.0"><methods/><lines><line number="10" hits="1" branch="false"/><line number="11" hits="1" branch="false"/><line number="12" hits="1" branch="false"/><line number="22" hits="1" branch="false"/><line number="26" hits="1" branch="false"/><line number="27" hits="1" branch="false"/><line number="28" hits="1" branch="false"/><line number="35" hits="4" branch="false"/><line number="36" hits="1" branch="false"/><line number="39" hits="1" branch="false"/><line number="40" hits="1" branch="false"/><line number="41" hits="4" branch="true" condition-coverage="50% (2/4)"><conditions><condition number="0" type="jump" coverage="50%"/></conditions></line></lines></class></classes></package></packages></coverage>
